2022-04-10 07:23:27.996 INFO  (main) [   ] o.e.j.u.log Logging initialized @981ms to org.eclipse.jetty.util.log.Slf4jLog
2022-04-10 07:23:28.151 INFO  (main) [   ] o.e.j.s.Server jetty-9.4.44.v20210927; built: 2021-09-27T23:02:44.612Z; git: 8da83308eeca865e495e53ef315a249d63ba9332; jvm 16.0.1+9-24
2022-04-10 07:23:28.161 INFO  (main) [   ] o.e.j.d.p.ScanningAppProvider Deployment monitor [file:///Users/kirath/Information-Retrieval/solr-8.11.1/server/contexts/] at interval 0
2022-04-10 07:23:28.365 INFO  (main) [   ] o.e.j.w.StandardDescriptorProcessor NO JSP Support for /solr, did not find org.apache.jasper.servlet.JspServlet
2022-04-10 07:23:28.372 INFO  (main) [   ] o.e.j.s.session DefaultSessionIdManager workerName=node0
2022-04-10 07:23:28.372 INFO  (main) [   ] o.e.j.s.session No SessionScavenger set, using defaults
2022-04-10 07:23:28.374 INFO  (main) [   ] o.e.j.s.session node0 Scavenging every 600000ms
2022-04-10 07:23:28.422 INFO  (main) [   ] o.a.s.s.SolrDispatchFilter Using logger factory org.apache.logging.slf4j.Log4jLoggerFactory
2022-04-10 07:23:28.425 INFO  (main) [   ] o.a.s.s.SolrDispatchFilter  ___      _       Welcome to Apache Solr™ version 8.11.1
2022-04-10 07:23:28.425 INFO  (main) [   ] o.a.s.s.SolrDispatchFilter / __| ___| |_ _   Starting in standalone mode on port 8983
2022-04-10 07:23:28.425 INFO  (main) [   ] o.a.s.s.SolrDispatchFilter \__ \/ _ \ | '_|  Install dir: /Users/kirath/Information-Retrieval/solr-8.11.1
2022-04-10 07:23:28.426 INFO  (main) [   ] o.a.s.s.SolrDispatchFilter |___/\___/_|_|    Start time: 2022-04-10T07:23:28.426045Z
2022-04-10 07:23:28.437 INFO  (main) [   ] o.a.s.c.SolrPaths Using system property solr.solr.home: /Users/kirath/Information-Retrieval/solr-8.11.1/server/solr
2022-04-10 07:23:28.438 INFO  (main) [   ] o.a.s.c.SolrXmlConfig Loading container configuration from /Users/kirath/Information-Retrieval/solr-8.11.1/server/solr/solr.xml
2022-04-10 07:23:28.498 INFO  (main) [   ] o.a.s.c.SolrXmlConfig MBean server found: com.sun.jmx.mbeanserver.JmxMBeanServer@58cbafc2, but no JMX reporters were configured - adding default JMX reporter.
2022-04-10 07:23:28.858 INFO  (main) [   ] o.a.s.h.c.HttpShardHandlerFactory Host whitelist initialized: WhitelistHostChecker [whitelistHosts=null, whitelistHostCheckingEnabled=true]
2022-04-10 07:23:28.995 WARN  (main) [   ] o.e.j.u.s.S.config Trusting all certificates configured for Client@e48bf9a[provider=null,keyStore=null,trustStore=null]
2022-04-10 07:23:28.996 WARN  (main) [   ] o.e.j.u.s.S.config No Client EndPointIdentificationAlgorithm configured for Client@e48bf9a[provider=null,keyStore=null,trustStore=null]
2022-04-10 07:23:29.099 WARN  (main) [   ] o.e.j.u.s.S.config Trusting all certificates configured for Client@18acfe88[provider=null,keyStore=null,trustStore=null]
2022-04-10 07:23:29.099 WARN  (main) [   ] o.e.j.u.s.S.config No Client EndPointIdentificationAlgorithm configured for Client@18acfe88[provider=null,keyStore=null,trustStore=null]
2022-04-10 07:23:29.140 WARN  (main) [   ] o.a.s.c.CoreContainer Not all security plugins configured!  authentication=disabled authorization=disabled.  Solr is only as secure as you make it. Consider configuring authentication/authorization before exposing Solr to users internal or external.  See https://s.apache.org/solrsecurity for more info
2022-04-10 07:23:29.228 INFO  (main) [   ] o.a.s.c.TransientSolrCoreCacheDefault Allocating transient core cache for max 2147483647 cores with initial capacity of 1024
2022-04-10 07:23:29.238 INFO  (main) [   ] o.a.s.h.a.MetricsHistoryHandler No .system collection, keeping metrics history in memory.
2022-04-10 07:23:29.312 INFO  (main) [   ] o.a.s.m.r.SolrJmxReporter JMX monitoring for 'solr.node' (registry 'solr.node') enabled at server: com.sun.jmx.mbeanserver.JmxMBeanServer@58cbafc2
2022-04-10 07:23:29.313 INFO  (main) [   ] o.a.s.m.r.SolrJmxReporter JMX monitoring for 'solr.jvm' (registry 'solr.jvm') enabled at server: com.sun.jmx.mbeanserver.JmxMBeanServer@58cbafc2
2022-04-10 07:23:29.313 INFO  (main) [   ] o.a.s.m.r.SolrJmxReporter JMX monitoring for 'solr.jetty' (registry 'solr.jetty') enabled at server: com.sun.jmx.mbeanserver.JmxMBeanServer@58cbafc2
2022-04-10 07:23:29.337 INFO  (main) [   ] o.a.s.c.CorePropertiesLocator Found 1 core definitions underneath /Users/kirath/Information-Retrieval/solr-8.11.1/server/solr
2022-04-10 07:23:29.337 INFO  (main) [   ] o.a.s.c.CorePropertiesLocator Cores are: [CSVCore]
2022-04-10 07:23:29.364 INFO  (coreLoadExecutor-13-thread-1) [   x:CSVCore] o.a.s.c.SolrConfig Using Lucene MatchVersion: 8.11.1
2022-04-10 07:23:29.386 WARN  (coreLoadExecutor-13-thread-1) [   x:CSVCore] o.a.s.c.SolrConfig solrconfig.xml: <jmx> is no longer supported, use solr.xml:/metrics/reporter section instead
2022-04-10 07:23:29.388 INFO  (main) [   ] o.e.j.s.h.ContextHandler Started o.e.j.w.WebAppContext@61bcd567{/solr,file:///Users/kirath/Information-Retrieval/solr-8.11.1/server/solr-webapp/webapp/,AVAILABLE}{/Users/kirath/Information-Retrieval/solr-8.11.1/server/solr-webapp/webapp}
2022-04-10 07:23:29.398 INFO  (main) [   ] o.e.j.s.AbstractConnector Started ServerConnector@4c550889{HTTP/1.1, (http/1.1, h2c)}{0.0.0.0:8983}
2022-04-10 07:23:29.398 INFO  (main) [   ] o.e.j.s.Server Started @2385ms
2022-04-10 07:23:29.433 INFO  (coreLoadExecutor-13-thread-1) [   x:CSVCore] o.a.s.s.IndexSchema Schema name=default-config
2022-04-10 07:23:29.646 WARN  (coreLoadExecutor-13-thread-1) [   x:CSVCore] o.a.s.s.AbstractSpatialPrefixTreeFieldType FieldType SpatialRecursivePrefixTreeFieldType does not allow omitNorms to be specified in schema, hardcoded behavior is omitNorms=true
2022-04-10 07:23:29.646 WARN  (coreLoadExecutor-13-thread-1) [   x:CSVCore] o.a.s.s.AbstractSpatialPrefixTreeFieldType FieldType SpatialRecursivePrefixTreeFieldType does not allow omitTermFreqAndPositions to be specified in schema, hardcoded behavior is omitTermFreqAndPositions=true
2022-04-10 07:23:29.646 WARN  (coreLoadExecutor-13-thread-1) [   x:CSVCore] o.a.s.s.AbstractSpatialPrefixTreeFieldType FieldType SpatialRecursivePrefixTreeFieldType does not allow termOffsets to be specified in schema, hardcoded behavior is termOffsets=false
2022-04-10 07:23:29.646 WARN  (coreLoadExecutor-13-thread-1) [   x:CSVCore] o.a.s.s.AbstractSpatialPrefixTreeFieldType FieldType SpatialRecursivePrefixTreeFieldType does not allow termPositions to be specified in schema, hardcoded behavior is termPositions=false
2022-04-10 07:23:29.646 WARN  (coreLoadExecutor-13-thread-1) [   x:CSVCore] o.a.s.s.AbstractSpatialPrefixTreeFieldType FieldType SpatialRecursivePrefixTreeFieldType does not allow omitPositions to be specified in schema, hardcoded behavior is omitPositions=true
2022-04-10 07:23:29.752 INFO  (coreLoadExecutor-13-thread-1) [   x:CSVCore] o.a.s.s.IndexSchema Loaded schema default-config/1.6 with uniqueid field id
2022-04-10 07:23:29.773 INFO  (coreLoadExecutor-13-thread-1) [   x:CSVCore] o.a.s.c.CoreContainer Creating SolrCore 'CSVCore' using configuration from instancedir /Users/kirath/Information-Retrieval/solr-8.11.1/server/solr/CSVCore, trusted=true
2022-04-10 07:23:29.787 INFO  (coreLoadExecutor-13-thread-1) [   x:CSVCore] o.a.s.m.r.SolrJmxReporter JMX monitoring for 'solr.core.CSVCore' (registry 'solr.core.CSVCore') enabled at server: com.sun.jmx.mbeanserver.JmxMBeanServer@58cbafc2
2022-04-10 07:23:29.794 INFO  (coreLoadExecutor-13-thread-1) [   x:CSVCore] o.a.s.c.SolrCore [[CSVCore] ] Opening new SolrCore at [/Users/kirath/Information-Retrieval/solr-8.11.1/server/solr/CSVCore], dataDir=[/Users/kirath/Information-Retrieval/solr-8.11.1/server/solr/CSVCore/data/]
2022-04-10 07:23:30.272 INFO  (coreLoadExecutor-13-thread-1) [   x:CSVCore] o.a.s.u.UpdateHandler Using UpdateLog implementation: org.apache.solr.update.UpdateLog
2022-04-10 07:23:30.272 INFO  (coreLoadExecutor-13-thread-1) [   x:CSVCore] o.a.s.u.UpdateLog Initializing UpdateLog: dataDir= defaultSyncLevel=FLUSH numRecordsToKeep=100 maxNumLogsToKeep=10 numVersionBuckets=65536
2022-04-10 07:23:30.283 INFO  (coreLoadExecutor-13-thread-1) [   x:CSVCore] o.a.s.u.CommitTracker Hard AutoCommit: if uncommitted for 15000ms; 
2022-04-10 07:23:30.283 INFO  (coreLoadExecutor-13-thread-1) [   x:CSVCore] o.a.s.u.CommitTracker Soft AutoCommit: disabled
2022-04-10 07:23:30.313 INFO  (coreLoadExecutor-13-thread-1) [   x:CSVCore] o.a.s.r.ManagedResourceStorage File-based storage initialized to use dir: /Users/kirath/Information-Retrieval/solr-8.11.1/server/solr/CSVCore/conf
2022-04-10 07:23:30.324 INFO  (coreLoadExecutor-13-thread-1) [   x:CSVCore] o.a.s.h.c.SpellCheckComponent Initializing spell checkers
2022-04-10 07:23:30.328 INFO  (coreLoadExecutor-13-thread-1) [   x:CSVCore] o.a.s.s.DirectSolrSpellChecker init: {name=default,field=_text_,classname=solr.DirectSolrSpellChecker,distanceMeasure=internal,accuracy=0.5,maxQueryFrequency=0.01,maxEdits=2,minPrefix=1,maxInspections=5,minQueryLength=4}
2022-04-10 07:23:30.338 INFO  (coreLoadExecutor-13-thread-1) [   x:CSVCore] o.a.s.h.ReplicationHandler Commits will be reserved for 10000 ms
2022-04-10 07:23:30.345 INFO  (searcherExecutor-15-thread-1-processing-x:CSVCore) [   x:CSVCore] o.a.s.c.QuerySenderListener QuerySenderListener done.
2022-04-10 07:23:30.345 INFO  (searcherExecutor-15-thread-1-processing-x:CSVCore) [   x:CSVCore] o.a.s.h.c.SpellCheckComponent Loading spell index for spellchecker: default
2022-04-10 07:23:30.351 INFO  (searcherExecutor-15-thread-1-processing-x:CSVCore) [   x:CSVCore] o.a.s.c.SolrCore [CSVCore]  Registered new searcher autowarm time: 0 ms
2022-04-10 07:52:19.665 INFO  (qtp1818339587-27) [   x:CSVCore] o.a.s.u.p.LogUpdateProcessorFactory [CSVCore]  webapp=/solr path=/update params={}{add=[0 (1729706985722478592), 1 (1729706985758130176), 2 (1729706985760227328), 3 (1729706985761275904), 4 (1729706985762324480), 5 (1729706985764421632), 6 (1729706985765470208), 7 (1729706985766518784), 8 (1729706985767567360), 9 (1729706985768615936), ... (92473 adds)]} 0 12490
2022-04-10 07:52:20.106 INFO  (searcherExecutor-15-thread-1-processing-x:CSVCore) [   x:CSVCore] o.a.s.c.QuerySenderListener QuerySenderListener done.
2022-04-10 07:52:20.111 INFO  (searcherExecutor-15-thread-1-processing-x:CSVCore) [   x:CSVCore] o.a.s.c.SolrCore [CSVCore]  Registered new searcher autowarm time: 4 ms
2022-04-10 07:52:20.114 INFO  (qtp1818339587-20) [   x:CSVCore] o.a.s.u.p.LogUpdateProcessorFactory [CSVCore]  webapp=/solr path=/update params={commit=true}{commit=} 0 438
2022-04-10 07:52:24.745 INFO  (qtp1818339587-22) [   ] o.a.s.s.HttpSolrCall [admin] webapp=null path=/admin/cores params={indexInfo=false&wt=json&_=1649577144641} status=0 QTime=0
2022-04-10 07:52:24.750 INFO  (qtp1818339587-21) [   ] o.a.s.s.HttpSolrCall [admin] webapp=null path=/admin/info/system params={wt=json&_=1649577144641} status=0 QTime=6
2022-04-10 07:52:24.781 INFO  (qtp1818339587-48) [   x:CSVCore] o.a.s.c.S.Request [CSVCore]  webapp=/solr path=/select params={q=*:*&indent=true&q.op=OR&rows=717&_=1649577144705} hits=92473 status=0 QTime=37
2022-04-10 07:52:42.424 INFO  (qtp1818339587-27) [   ] o.a.s.s.HttpSolrCall [admin] webapp=null path=/admin/cores params={indexInfo=false&wt=json&_=1649577144641} status=0 QTime=0
2022-04-10 07:52:42.429 INFO  (qtp1818339587-20) [   x:CSVCore] o.a.s.c.S.Request [CSVCore]  webapp=/solr path=/select params={q=*:*&indent=true&q.op=OR&_=1649577144705} hits=92473 status=0 QTime=5
2022-04-10 07:52:42.431 INFO  (qtp1818339587-28) [   ] o.a.s.s.HttpSolrCall [admin] webapp=null path=/admin/info/system params={wt=json&_=1649577144641} status=0 QTime=7
2022-04-10 07:52:42.717 INFO  (qtp1818339587-48) [   ] o.a.s.s.HttpSolrCall [admin] webapp=null path=/admin/cores params={indexInfo=false&wt=json&_=1649577162611} status=0 QTime=2
2022-04-10 07:52:42.726 INFO  (qtp1818339587-21) [   ] o.a.s.s.HttpSolrCall [admin] webapp=null path=/admin/info/system params={wt=json&_=1649577162612} status=0 QTime=11
2022-04-10 07:52:42.907 INFO  (qtp1818339587-20) [   ] o.a.s.s.HttpSolrCall [admin] webapp=null path=/admin/cores params={indexInfo=false&wt=json&_=1649577162836} status=0 QTime=0
2022-04-10 07:52:42.912 INFO  (qtp1818339587-28) [   ] o.a.s.s.HttpSolrCall [admin] webapp=null path=/admin/info/system params={wt=json&_=1649577162836} status=0 QTime=2
2022-04-10 07:52:47.312 INFO  (qtp1818339587-21) [   ] o.a.s.s.HttpSolrCall [admin] webapp=null path=/admin/cores params={indexInfo=false&wt=json&_=1649577162836} status=0 QTime=0
2022-04-10 07:52:47.315 INFO  (qtp1818339587-46) [   x:CSVCore] o.a.s.c.S.Request [CSVCore]  webapp=/solr path=/admin/ping params={action=status&wt=json&_=1649577162836&ts=1649577162836} status=503 QTime=1
2022-04-10 07:52:47.317 INFO  (qtp1818339587-20) [   ] o.a.s.s.HttpSolrCall [admin] webapp=null path=/admin/info/system params={wt=json&_=1649577162836} status=0 QTime=4
2022-04-10 07:52:47.317 INFO  (qtp1818339587-23) [   x:CSVCore] o.a.s.c.S.Request [CSVCore]  webapp=/solr path=/replication params={wt=json&command=details&_=1649577167305} status=0 QTime=4
2022-04-10 07:52:47.318 INFO  (qtp1818339587-45) [   x:CSVCore] o.a.s.c.S.Request [CSVCore]  webapp=/solr path=/admin/system params={wt=json&_=1649577167305} status=0 QTime=5
2022-04-10 07:52:47.319 INFO  (qtp1818339587-22) [   x:CSVCore] o.a.s.c.S.Request [CSVCore]  webapp=/solr path=/admin/luke params={numTerms=0&show=index&wt=json&_=1649577167305} status=0 QTime=6
2022-04-10 07:52:49.278 INFO  (qtp1818339587-28) [   ] o.a.s.s.HttpSolrCall [admin] webapp=null path=/admin/cores params={indexInfo=false&wt=json&_=1649577162836} status=0 QTime=0
2022-04-10 07:52:49.280 INFO  (qtp1818339587-48) [   ] o.a.s.s.HttpSolrCall [admin] webapp=null path=/admin/info/system params={wt=json&_=1649577162836} status=0 QTime=2
2022-04-10 07:52:50.560 INFO  (qtp1818339587-22) [   x:CSVCore] o.a.s.c.S.Request [CSVCore]  webapp=/solr path=/select params={q=*:*&indent=true&q.op=OR&_=1649577169241} hits=92473 status=0 QTime=2
2022-04-10 07:52:50.616 INFO  (qtp1818339587-48) [   ] o.a.s.s.HttpSolrCall [admin] webapp=null path=/admin/cores params={indexInfo=false&wt=json&_=1649577162836} status=0 QTime=0
2022-04-10 07:52:50.616 INFO  (qtp1818339587-27) [   x:CSVCore] o.a.s.c.S.Request [CSVCore]  webapp=/solr path=/select params={q=*:*&indent=true&q.op=OR&_=1649577169241} hits=92473 status=0 QTime=0
2022-04-10 07:52:50.622 INFO  (qtp1818339587-45) [   ] o.a.s.s.HttpSolrCall [admin] webapp=null path=/admin/info/system params={wt=json&_=1649577162836} status=0 QTime=6
